<?xml version="1.0" encoding="UTF-8"?>
<!-- Generated by org.testng.reporters.JUnitReportReporter -->
<testsuite hostname="kprabhakar" failures="0" tests="1" name="org.wipro.TestCaseDemo.Test3" time="35.170" errors="0" timestamp="2025-03-11T12:08:52 IST" skipped="0">
  <testcase classname="org.wipro.TestCaseDemo.Test3" name="TestMenu" time="35.170"/>
  <system-out>
    <![CDATA[Screenshot taken by name title]]>
  </system-out>
</testsuite> <!-- org.wipro.TestCaseDemo.Test3 -->
